Start testing: Mar 17 00:08 Malay Peninsula Standard Time
----------------------------------------------------------
1/36 Testing: pinggen-check-example
1/36 Test: pinggen-check-example
Command: "C:/Users/keith/Documents/projects/pinggen-programming-language/build/Debug/pinggen.exe" "check" "C:/Users/keith/Documents/projects/pinggen-programming-language/examples/hello"
Directory: C:/Users/keith/Documents/projects/pinggen-programming-language/build
"pinggen-check-example" start time: Mar 17 00:08 Malay Peninsula Standard Time
Output:
----------------------------------------------------------
checked hello
<end of output>
Test time =   0.07 sec
----------------------------------------------------------
Test Passed.
"pinggen-check-example" end time: Mar 17 00:08 Malay Peninsula Standard Time
"pinggen-check-example" time elapsed: 00:00:00
----------------------------------------------------------

2/36 Testing: pinggen-build-example
2/36 Test: pinggen-build-example
Command: "C:/Users/keith/Documents/projects/pinggen-programming-language/build/Debug/pinggen.exe" "build" "C:/Users/keith/Documents/projects/pinggen-programming-language/examples/hello"
Directory: C:/Users/keith/Documents/projects/pinggen-programming-language/build
"pinggen-build-example" start time: Mar 17 00:08 Malay Peninsula Standard Time
Output:
----------------------------------------------------------
warning: overriding the module target triple with x86_64-pc-windows-msvc19.50.35723 [-Woverride-module]
1 warning generated.
built C:\Users\keith\Documents\projects\pinggen-programming-language\examples\hello\build/hello.exe
<end of output>
Test time =   0.21 sec
----------------------------------------------------------
Test Passed.
"pinggen-build-example" end time: Mar 17 00:08 Malay Peninsula Standard Time
"pinggen-build-example" time elapsed: 00:00:00
----------------------------------------------------------

3/36 Testing: pinggen-check-invalid-arity
3/36 Test: pinggen-check-invalid-arity
Command: "C:/Users/keith/Documents/projects/pinggen-programming-language/build/Debug/pinggen.exe" "check" "C:/Users/keith/Documents/projects/pinggen-programming-language/examples/invalid_wrong_arity"
Directory: C:/Users/keith/Documents/projects/pinggen-programming-language/build
"pinggen-check-invalid-arity" start time: Mar 17 00:08 Malay Peninsula Standard Time
Output:
----------------------------------------------------------
compile error: line 8, column 17: function 'add' expects 2 argument(s)
<end of output>
Test time =   0.01 sec
----------------------------------------------------------
Test Passed.
"pinggen-check-invalid-arity" end time: Mar 17 00:08 Malay Peninsula Standard Time
"pinggen-check-invalid-arity" time elapsed: 00:00:00
----------------------------------------------------------

4/36 Testing: pinggen-check-invalid-return
4/36 Test: pinggen-check-invalid-return
Command: "C:/Users/keith/Documents/projects/pinggen-programming-language/build/Debug/pinggen.exe" "check" "C:/Users/keith/Documents/projects/pinggen-programming-language/examples/invalid_missing_return"
Directory: C:/Users/keith/Documents/projects/pinggen-programming-language/build
"pinggen-check-invalid-return" start time: Mar 17 00:08 Malay Peninsula Standard Time
Output:
----------------------------------------------------------
compile error: line 1, column 1: non-void function 'value' must return a value
<end of output>
Test time =   0.01 sec
----------------------------------------------------------
Test Passed.
"pinggen-check-invalid-return" end time: Mar 17 00:08 Malay Peninsula Standard Time
"pinggen-check-invalid-return" time elapsed: 00:00:00
----------------------------------------------------------

5/36 Testing: pinggen-check-invalid-duplicate-param
5/36 Test: pinggen-check-invalid-duplicate-param
Command: "C:/Users/keith/Documents/projects/pinggen-programming-language/build/Debug/pinggen.exe" "check" "C:/Users/keith/Documents/projects/pinggen-programming-language/examples/invalid_duplicate_param"
Directory: C:/Users/keith/Documents/projects/pinggen-programming-language/build
"pinggen-check-invalid-duplicate-param" start time: Mar 17 00:08 Malay Peninsula Standard Time
Output:
----------------------------------------------------------
compile error: line 1, column 22: duplicate parameter 'value'
<end of output>
Test time =   0.01 sec
----------------------------------------------------------
Test Passed.
"pinggen-check-invalid-duplicate-param" end time: Mar 17 00:08 Malay Peninsula Standard Time
"pinggen-check-invalid-duplicate-param" time elapsed: 00:00:00
----------------------------------------------------------

6/36 Testing: pinggen-check-invalid-if-condition
6/36 Test: pinggen-check-invalid-if-condition
Command: "C:/Users/keith/Documents/projects/pinggen-programming-language/build/Debug/pinggen.exe" "check" "C:/Users/keith/Documents/projects/pinggen-programming-language/examples/invalid_if_condition"
Directory: C:/Users/keith/Documents/projects/pinggen-programming-language/build
"pinggen-check-invalid-if-condition" start time: Mar 17 00:08 Malay Peninsula Standard Time
Output:
----------------------------------------------------------
compile error: line 2, column 8: if condition must be bool
<end of output>
Test time =   0.01 sec
----------------------------------------------------------
Test Passed.
"pinggen-check-invalid-if-condition" end time: Mar 17 00:08 Malay Peninsula Standard Time
"pinggen-check-invalid-if-condition" time elapsed: 00:00:00
----------------------------------------------------------

7/36 Testing: pinggen-check-invalid-string-compare
7/36 Test: pinggen-check-invalid-string-compare
Command: "C:/Users/keith/Documents/projects/pinggen-programming-language/build/Debug/pinggen.exe" "check" "C:/Users/keith/Documents/projects/pinggen-programming-language/examples/invalid_string_compare"
Directory: C:/Users/keith/Documents/projects/pinggen-programming-language/build
"pinggen-check-invalid-string-compare" start time: Mar 17 00:08 Malay Peninsula Standard Time
Output:
----------------------------------------------------------
compile error: line 4, column 21: operator '==' only supports int and bool operands
<end of output>
Test time =   0.01 sec
----------------------------------------------------------
Test Passed.
"pinggen-check-invalid-string-compare" end time: Mar 17 00:08 Malay Peninsula Standard Time
"pinggen-check-invalid-string-compare" time elapsed: 00:00:00
----------------------------------------------------------

8/36 Testing: pinggen-check-invalid-bool-assign
8/36 Test: pinggen-check-invalid-bool-assign
Command: "C:/Users/keith/Documents/projects/pinggen-programming-language/build/Debug/pinggen.exe" "check" "C:/Users/keith/Documents/projects/pinggen-programming-language/examples/invalid_bool_assign"
Directory: C:/Users/keith/Documents/projects/pinggen-programming-language/build
"pinggen-check-invalid-bool-assign" start time: Mar 17 00:08 Malay Peninsula Standard Time
Output:
----------------------------------------------------------
compile error: line 7, column 5: cannot assign bool to int
<end of output>
Test time =   0.01 sec
----------------------------------------------------------
Test Passed.
"pinggen-check-invalid-bool-assign" end time: Mar 17 00:08 Malay Peninsula Standard Time
"pinggen-check-invalid-bool-assign" time elapsed: 00:00:00
----------------------------------------------------------

9/36 Testing: pinggen-check-invalid-while-condition
9/36 Test: pinggen-check-invalid-while-condition
Command: "C:/Users/keith/Documents/projects/pinggen-programming-language/build/Debug/pinggen.exe" "check" "C:/Users/keith/Documents/projects/pinggen-programming-language/examples/invalid_while_condition"
Directory: C:/Users/keith/Documents/projects/pinggen-programming-language/build
"pinggen-check-invalid-while-condition" start time: Mar 17 00:08 Malay Peninsula Standard Time
Output:
----------------------------------------------------------
compile error: line 2, column 11: while condition must be bool
<end of output>
Test time =   0.02 sec
----------------------------------------------------------
Test Passed.
"pinggen-check-invalid-while-condition" end time: Mar 17 00:08 Malay Peninsula Standard Time
"pinggen-check-invalid-while-condition" time elapsed: 00:00:00
----------------------------------------------------------

10/36 Testing: pinggen-check-invalid-while-return
10/36 Test: pinggen-check-invalid-while-return
Command: "C:/Users/keith/Documents/projects/pinggen-programming-language/build/Debug/pinggen.exe" "check" "C:/Users/keith/Documents/projects/pinggen-programming-language/examples/invalid_while_missing_return"
Directory: C:/Users/keith/Documents/projects/pinggen-programming-language/build
"pinggen-check-invalid-while-return" start time: Mar 17 00:08 Malay Peninsula Standard Time
Output:
----------------------------------------------------------
compile error: line 5, column 9: expected field name
<end of output>
Test time =   0.01 sec
----------------------------------------------------------
Test Passed.
"pinggen-check-invalid-while-return" end time: Mar 17 00:08 Malay Peninsula Standard Time
"pinggen-check-invalid-while-return" time elapsed: 00:00:00
----------------------------------------------------------

11/36 Testing: pinggen-check-invalid-struct-duplicate-field
11/36 Test: pinggen-check-invalid-struct-duplicate-field
Command: "C:/Users/keith/Documents/projects/pinggen-programming-language/build/Debug/pinggen.exe" "check" "C:/Users/keith/Documents/projects/pinggen-programming-language/examples/invalid_struct_duplicate_field"
Directory: C:/Users/keith/Documents/projects/pinggen-programming-language/build
"pinggen-check-invalid-struct-duplicate-field" start time: Mar 17 00:08 Malay Peninsula Standard Time
Output:
----------------------------------------------------------
compile error: line 3, column 5: duplicate field 'hp' in struct 'Hero'
<end of output>
Test time =   0.01 sec
----------------------------------------------------------
Test Passed.
"pinggen-check-invalid-struct-duplicate-field" end time: Mar 17 00:08 Malay Peninsula Standard Time
"pinggen-check-invalid-struct-duplicate-field" time elapsed: 00:00:00
----------------------------------------------------------

12/36 Testing: pinggen-check-invalid-struct-field-type
12/36 Test: pinggen-check-invalid-struct-field-type
Command: "C:/Users/keith/Documents/projects/pinggen-programming-language/build/Debug/pinggen.exe" "check" "C:/Users/keith/Documents/projects/pinggen-programming-language/examples/invalid_struct_field_type"
Directory: C:/Users/keith/Documents/projects/pinggen-programming-language/build
"pinggen-check-invalid-struct-field-type" start time: Mar 17 00:08 Malay Peninsula Standard Time
Output:
----------------------------------------------------------
compile error: line 8, column 23: field 'hp' expects int but got bool
<end of output>
Test time =   0.01 sec
----------------------------------------------------------
Test Passed.
"pinggen-check-invalid-struct-field-type" end time: Mar 17 00:08 Malay Peninsula Standard Time
"pinggen-check-invalid-struct-field-type" time elapsed: 00:00:00
----------------------------------------------------------

13/36 Testing: pinggen-check-invalid-field-assign-immutable
13/36 Test: pinggen-check-invalid-field-assign-immutable
Command: "C:/Users/keith/Documents/projects/pinggen-programming-language/build/Debug/pinggen.exe" "check" "C:/Users/keith/Documents/projects/pinggen-programming-language/examples/invalid_field_assign_immutable"
Directory: C:/Users/keith/Documents/projects/pinggen-programming-language/build
"pinggen-check-invalid-field-assign-immutable" start time: Mar 17 00:08 Malay Peninsula Standard Time
Output:
----------------------------------------------------------
compile error: line 9, column 10: cannot assign through immutable variable 'hero'
<end of output>
Test time =   0.01 sec
----------------------------------------------------------
Test Passed.
"pinggen-check-invalid-field-assign-immutable" end time: Mar 17 00:08 Malay Peninsula Standard Time
"pinggen-check-invalid-field-assign-immutable" time elapsed: 00:00:00
----------------------------------------------------------

14/36 Testing: pinggen-check-invalid-break-outside-loop
14/36 Test: pinggen-check-invalid-break-outside-loop
Command: "C:/Users/keith/Documents/projects/pinggen-programming-language/build/Debug/pinggen.exe" "check" "C:/Users/keith/Documents/projects/pinggen-programming-language/examples/invalid_break_outside_loop"
Directory: C:/Users/keith/Documents/projects/pinggen-programming-language/build
"pinggen-check-invalid-break-outside-loop" start time: Mar 17 00:08 Malay Peninsula Standard Time
Output:
----------------------------------------------------------
compile error: line 2, column 5: 'break' can only be used inside a while loop
<end of output>
Test time =   0.01 sec
----------------------------------------------------------
Test Passed.
"pinggen-check-invalid-break-outside-loop" end time: Mar 17 00:08 Malay Peninsula Standard Time
"pinggen-check-invalid-break-outside-loop" time elapsed: 00:00:00
----------------------------------------------------------

15/36 Testing: pinggen-check-invalid-continue-outside-loop
15/36 Test: pinggen-check-invalid-continue-outside-loop
Command: "C:/Users/keith/Documents/projects/pinggen-programming-language/build/Debug/pinggen.exe" "check" "C:/Users/keith/Documents/projects/pinggen-programming-language/examples/invalid_continue_outside_loop"
Directory: C:/Users/keith/Documents/projects/pinggen-programming-language/build
"pinggen-check-invalid-continue-outside-loop" start time: Mar 17 00:08 Malay Peninsula Standard Time
Output:
----------------------------------------------------------
compile error: line 2, column 5: 'continue' can only be used inside a while loop
<end of output>
Test time =   0.01 sec
----------------------------------------------------------
Test Passed.
"pinggen-check-invalid-continue-outside-loop" end time: Mar 17 00:08 Malay Peninsula Standard Time
"pinggen-check-invalid-continue-outside-loop" time elapsed: 00:00:00
----------------------------------------------------------

16/36 Testing: pinggen-check-invalid-logical-operands
16/36 Test: pinggen-check-invalid-logical-operands
Command: "C:/Users/keith/Documents/projects/pinggen-programming-language/build/Debug/pinggen.exe" "check" "C:/Users/keith/Documents/projects/pinggen-programming-language/examples/invalid_logical_operands"
Directory: C:/Users/keith/Documents/projects/pinggen-programming-language/build
"pinggen-check-invalid-logical-operands" start time: Mar 17 00:08 Malay Peninsula Standard Time
Output:
----------------------------------------------------------
compile error: line 2, column 17: operator '&&' only supports bool operands
<end of output>
Test time =   0.01 sec
----------------------------------------------------------
Test Passed.
"pinggen-check-invalid-logical-operands" end time: Mar 17 00:08 Malay Peninsula Standard Time
"pinggen-check-invalid-logical-operands" time elapsed: 00:00:00
----------------------------------------------------------

17/36 Testing: pinggen-check-invalid-relational-operands
17/36 Test: pinggen-check-invalid-relational-operands
Command: "C:/Users/keith/Documents/projects/pinggen-programming-language/build/Debug/pinggen.exe" "check" "C:/Users/keith/Documents/projects/pinggen-programming-language/examples/invalid_relational_operands"
Directory: C:/Users/keith/Documents/projects/pinggen-programming-language/build
"pinggen-check-invalid-relational-operands" start time: Mar 17 00:08 Malay Peninsula Standard Time
Output:
----------------------------------------------------------
compile error: line 2, column 20: operator '<' only supports int operands
<end of output>
Test time =   0.01 sec
----------------------------------------------------------
Test Passed.
"pinggen-check-invalid-relational-operands" end time: Mar 17 00:08 Malay Peninsula Standard Time
"pinggen-check-invalid-relational-operands" time elapsed: 00:00:00
----------------------------------------------------------

18/36 Testing: pinggen-check-invalid-modulo-operands
18/36 Test: pinggen-check-invalid-modulo-operands
Command: "C:/Users/keith/Documents/projects/pinggen-programming-language/build/Debug/pinggen.exe" "check" "C:/Users/keith/Documents/projects/pinggen-programming-language/examples/invalid_modulo_operands"
Directory: C:/Users/keith/Documents/projects/pinggen-programming-language/build
"pinggen-check-invalid-modulo-operands" start time: Mar 17 00:08 Malay Peninsula Standard Time
Output:
----------------------------------------------------------
compile error: line 2, column 20: binary operator '%' only supports int operands
<end of output>
Test time =   0.01 sec
----------------------------------------------------------
Test Passed.
"pinggen-check-invalid-modulo-operands" end time: Mar 17 00:08 Malay Peninsula Standard Time
"pinggen-check-invalid-modulo-operands" time elapsed: 00:00:00
----------------------------------------------------------

19/36 Testing: pinggen-check-invalid-string-plus-mismatch
19/36 Test: pinggen-check-invalid-string-plus-mismatch
Command: "C:/Users/keith/Documents/projects/pinggen-programming-language/build/Debug/pinggen.exe" "check" "C:/Users/keith/Documents/projects/pinggen-programming-language/examples/invalid_string_plus_mismatch"
Directory: C:/Users/keith/Documents/projects/pinggen-programming-language/build
"pinggen-check-invalid-string-plus-mismatch" start time: Mar 17 00:08 Malay Peninsula Standard Time
Output:
----------------------------------------------------------
compile error: line 2, column 22: operator '+' only supports int+int or string+string
<end of output>
Test time =   0.01 sec
----------------------------------------------------------
Test Passed.
"pinggen-check-invalid-string-plus-mismatch" end time: Mar 17 00:08 Malay Peninsula Standard Time
"pinggen-check-invalid-string-plus-mismatch" time elapsed: 00:00:00
----------------------------------------------------------

20/36 Testing: pinggen-check-invalid-array-mixed-literal
20/36 Test: pinggen-check-invalid-array-mixed-literal
Command: "C:/Users/keith/Documents/projects/pinggen-programming-language/build/Debug/pinggen.exe" "check" "C:/Users/keith/Documents/projects/pinggen-programming-language/examples/invalid_array_mixed_literal"
Directory: C:/Users/keith/Documents/projects/pinggen-programming-language/build
"pinggen-check-invalid-array-mixed-literal" start time: Mar 17 00:08 Malay Peninsula Standard Time
Output:
----------------------------------------------------------
compile error: line 2, column 19: array literal element expects int but got bool
<end of output>
Test time =   0.01 sec
----------------------------------------------------------
Test Passed.
"pinggen-check-invalid-array-mixed-literal" end time: Mar 17 00:08 Malay Peninsula Standard Time
"pinggen-check-invalid-array-mixed-literal" time elapsed: 00:00:00
----------------------------------------------------------

21/36 Testing: pinggen-check-invalid-array-size-mismatch
21/36 Test: pinggen-check-invalid-array-size-mismatch
Command: "C:/Users/keith/Documents/projects/pinggen-programming-language/build/Debug/pinggen.exe" "check" "C:/Users/keith/Documents/projects/pinggen-programming-language/examples/invalid_array_size_mismatch"
Directory: C:/Users/keith/Documents/projects/pinggen-programming-language/build
"pinggen-check-invalid-array-size-mismatch" start time: Mar 17 00:08 Malay Peninsula Standard Time
Output:
----------------------------------------------------------
compile error: line 2, column 5: cannot initialize [int; 3] with [int; 2]
<end of output>
Test time =   0.01 sec
----------------------------------------------------------
Test Passed.
"pinggen-check-invalid-array-size-mismatch" end time: Mar 17 00:08 Malay Peninsula Standard Time
"pinggen-check-invalid-array-size-mismatch" time elapsed: 00:00:00
----------------------------------------------------------

22/36 Testing: pinggen-check-invalid-array-index-type
22/36 Test: pinggen-check-invalid-array-index-type
Command: "C:/Users/keith/Documents/projects/pinggen-programming-language/build/Debug/pinggen.exe" "check" "C:/Users/keith/Documents/projects/pinggen-programming-language/examples/invalid_array_index_type"
Directory: C:/Users/keith/Documents/projects/pinggen-programming-language/build
"pinggen-check-invalid-array-index-type" start time: Mar 17 00:08 Malay Peninsula Standard Time
Output:
----------------------------------------------------------
compile error: line 3, column 22: array index must be int
<end of output>
Test time =   0.01 sec
----------------------------------------------------------
Test Passed.
"pinggen-check-invalid-array-index-type" end time: Mar 17 00:08 Malay Peninsula Standard Time
"pinggen-check-invalid-array-index-type" time elapsed: 00:00:00
----------------------------------------------------------

23/36 Testing: pinggen-check-invalid-array-assign-immutable
23/36 Test: pinggen-check-invalid-array-assign-immutable
Command: "C:/Users/keith/Documents/projects/pinggen-programming-language/build/Debug/pinggen.exe" "check" "C:/Users/keith/Documents/projects/pinggen-programming-language/examples/invalid_array_assign_immutable"
Directory: C:/Users/keith/Documents/projects/pinggen-programming-language/build
"pinggen-check-invalid-array-assign-immutable" start time: Mar 17 00:08 Malay Peninsula Standard Time
Output:
----------------------------------------------------------
compile error: line 3, column 11: cannot assign through immutable variable 'values'
<end of output>
Test time =   0.01 sec
----------------------------------------------------------
Test Passed.
"pinggen-check-invalid-array-assign-immutable" end time: Mar 17 00:08 Malay Peninsula Standard Time
"pinggen-check-invalid-array-assign-immutable" time elapsed: 00:00:00
----------------------------------------------------------

24/36 Testing: pinggen-check-invalid-array-operator
24/36 Test: pinggen-check-invalid-array-operator
Command: "C:/Users/keith/Documents/projects/pinggen-programming-language/build/Debug/pinggen.exe" "check" "C:/Users/keith/Documents/projects/pinggen-programming-language/examples/invalid_array_operator"
Directory: C:/Users/keith/Documents/projects/pinggen-programming-language/build
"pinggen-check-invalid-array-operator" start time: Mar 17 00:08 Malay Peninsula Standard Time
Output:
----------------------------------------------------------
compile error: line 2, column 22: operator '+' only supports int+int or string+string
<end of output>
Test time =   0.02 sec
----------------------------------------------------------
Test Passed.
"pinggen-check-invalid-array-operator" end time: Mar 17 00:08 Malay Peninsula Standard Time
"pinggen-check-invalid-array-operator" time elapsed: 00:00:00
----------------------------------------------------------

25/36 Testing: pinggen-run-invalid-array-bounds
25/36 Test: pinggen-run-invalid-array-bounds
Command: "C:/Users/keith/Documents/projects/pinggen-programming-language/build/Debug/pinggen.exe" "run" "C:/Users/keith/Documents/projects/pinggen-programming-language/examples/runtime_invalid_array_bounds"
Directory: C:/Users/keith/Documents/projects/pinggen-programming-language/build
"pinggen-run-invalid-array-bounds" start time: Mar 17 00:08 Malay Peninsula Standard Time
Output:
----------------------------------------------------------
warning: overriding the module target triple with x86_64-pc-windows-msvc19.50.35723 [-Woverride-module]
1 warning generated.
built C:\Users\keith\Documents\projects\pinggen-programming-language\examples\runtime_invalid_array_bounds\build/runtime_invalid_array_bounds.exe
<end of output>
Test time =   0.31 sec
----------------------------------------------------------
Test Passed.
"pinggen-run-invalid-array-bounds" end time: Mar 17 00:08 Malay Peninsula Standard Time
"pinggen-run-invalid-array-bounds" time elapsed: 00:00:00
----------------------------------------------------------

26/36 Testing: pinggen-check-invalid-unknown-impl
26/36 Test: pinggen-check-invalid-unknown-impl
Command: "C:/Users/keith/Documents/projects/pinggen-programming-language/build/Debug/pinggen.exe" "check" "C:/Users/keith/Documents/projects/pinggen-programming-language/examples/invalid_unknown_impl"
Directory: C:/Users/keith/Documents/projects/pinggen-programming-language/build
"pinggen-check-invalid-unknown-impl" start time: Mar 17 00:08 Malay Peninsula Standard Time
Output:
----------------------------------------------------------
compile error: line 2, column 5: unknown impl target 'Missing'
<end of output>
Test time =   0.01 sec
----------------------------------------------------------
Test Passed.
"pinggen-check-invalid-unknown-impl" end time: Mar 17 00:08 Malay Peninsula Standard Time
"pinggen-check-invalid-unknown-impl" time elapsed: 00:00:00
----------------------------------------------------------

27/36 Testing: pinggen-check-invalid-duplicate-method
27/36 Test: pinggen-check-invalid-duplicate-method
Command: "C:/Users/keith/Documents/projects/pinggen-programming-language/build/Debug/pinggen.exe" "check" "C:/Users/keith/Documents/projects/pinggen-programming-language/examples/invalid_duplicate_method"
Directory: C:/Users/keith/Documents/projects/pinggen-programming-language/build
"pinggen-check-invalid-duplicate-method" start time: Mar 17 00:08 Malay Peninsula Standard Time
Output:
----------------------------------------------------------
compile error: line 9, column 5: duplicate method 'total' on struct 'Counter'
<end of output>
Test time =   0.01 sec
----------------------------------------------------------
Test Passed.
"pinggen-check-invalid-duplicate-method" end time: Mar 17 00:08 Malay Peninsula Standard Time
"pinggen-check-invalid-duplicate-method" time elapsed: 00:00:00
----------------------------------------------------------

28/36 Testing: pinggen-check-invalid-missing-self
28/36 Test: pinggen-check-invalid-missing-self
Command: "C:/Users/keith/Documents/projects/pinggen-programming-language/build/Debug/pinggen.exe" "check" "C:/Users/keith/Documents/projects/pinggen-programming-language/examples/invalid_missing_self"
Directory: C:/Users/keith/Documents/projects/pinggen-programming-language/build
"pinggen-check-invalid-missing-self" start time: Mar 17 00:08 Malay Peninsula Standard Time
Output:
----------------------------------------------------------
compile error: line 6, column 16: methods must declare 'self' as the first parameter
<end of output>
Test time =   0.01 sec
----------------------------------------------------------
Test Passed.
"pinggen-check-invalid-missing-self" end time: Mar 17 00:08 Malay Peninsula Standard Time
"pinggen-check-invalid-missing-self" time elapsed: 00:00:00
----------------------------------------------------------

29/36 Testing: pinggen-check-invalid-self-outside-method
29/36 Test: pinggen-check-invalid-self-outside-method
Command: "C:/Users/keith/Documents/projects/pinggen-programming-language/build/Debug/pinggen.exe" "check" "C:/Users/keith/Documents/projects/pinggen-programming-language/examples/invalid_self_outside_method"
Directory: C:/Users/keith/Documents/projects/pinggen-programming-language/build
"pinggen-check-invalid-self-outside-method" start time: Mar 17 00:08 Malay Peninsula Standard Time
Output:
----------------------------------------------------------
compile error: line 2, column 17: 'self' can only be used inside a method
<end of output>
Test time =   0.01 sec
----------------------------------------------------------
Test Passed.
"pinggen-check-invalid-self-outside-method" end time: Mar 17 00:08 Malay Peninsula Standard Time
"pinggen-check-invalid-self-outside-method" time elapsed: 00:00:00
----------------------------------------------------------

30/36 Testing: pinggen-check-invalid-method-on-non-struct
30/36 Test: pinggen-check-invalid-method-on-non-struct
Command: "C:/Users/keith/Documents/projects/pinggen-programming-language/build/Debug/pinggen.exe" "check" "C:/Users/keith/Documents/projects/pinggen-programming-language/examples/invalid_method_on_non_struct"
Directory: C:/Users/keith/Documents/projects/pinggen-programming-language/build
"pinggen-check-invalid-method-on-non-struct" start time: Mar 17 00:08 Malay Peninsula Standard Time
Output:
----------------------------------------------------------
compile error: line 3, column 11: methods can only be called on struct values
<end of output>
Test time =   0.01 sec
----------------------------------------------------------
Test Passed.
"pinggen-check-invalid-method-on-non-struct" end time: Mar 17 00:08 Malay Peninsula Standard Time
"pinggen-check-invalid-method-on-non-struct" time elapsed: 00:00:00
----------------------------------------------------------

31/36 Testing: pinggen-check-invalid-unknown-method
31/36 Test: pinggen-check-invalid-unknown-method
Command: "C:/Users/keith/Documents/projects/pinggen-programming-language/build/Debug/pinggen.exe" "check" "C:/Users/keith/Documents/projects/pinggen-programming-language/examples/invalid_unknown_method"
Directory: C:/Users/keith/Documents/projects/pinggen-programming-language/build
"pinggen-check-invalid-unknown-method" start time: Mar 17 00:08 Malay Peninsula Standard Time
Output:
----------------------------------------------------------
compile error: line 13, column 13: unknown method 'bumped' on struct 'Counter'
<end of output>
Test time =   0.01 sec
----------------------------------------------------------
Test Passed.
"pinggen-check-invalid-unknown-method" end time: Mar 17 00:08 Malay Peninsula Standard Time
"pinggen-check-invalid-unknown-method" time elapsed: 00:00:00
----------------------------------------------------------

32/36 Testing: pinggen-check-invalid-self-field-write
32/36 Test: pinggen-check-invalid-self-field-write
Command: "C:/Users/keith/Documents/projects/pinggen-programming-language/build/Debug/pinggen.exe" "check" "C:/Users/keith/Documents/projects/pinggen-programming-language/examples/invalid_self_field_write"
Directory: C:/Users/keith/Documents/projects/pinggen-programming-language/build
"pinggen-check-invalid-self-field-write" start time: Mar 17 00:08 Malay Peninsula Standard Time
Output:
----------------------------------------------------------
compile error: line 7, column 14: cannot assign through immutable variable 'self'
<end of output>
Test time =   0.01 sec
----------------------------------------------------------
Test Passed.
"pinggen-check-invalid-self-field-write" end time: Mar 17 00:08 Malay Peninsula Standard Time
"pinggen-check-invalid-self-field-write" time elapsed: 00:00:00
----------------------------------------------------------

33/36 Testing: pinggen-check-invalid-mut-method-immutable
33/36 Test: pinggen-check-invalid-mut-method-immutable
Command: "C:/Users/keith/Documents/projects/pinggen-programming-language/build/Debug/pinggen.exe" "check" "C:/Users/keith/Documents/projects/pinggen-programming-language/examples/invalid_mut_method_immutable"
Directory: C:/Users/keith/Documents/projects/pinggen-programming-language/build
"pinggen-check-invalid-mut-method-immutable" start time: Mar 17 00:08 Malay Peninsula Standard Time
Output:
----------------------------------------------------------
compile error: line 14, column 13: mutating methods can only be called on mutable local struct variables
<end of output>
Test time =   0.01 sec
----------------------------------------------------------
Test Passed.
"pinggen-check-invalid-mut-method-immutable" end time: Mar 17 00:08 Malay Peninsula Standard Time
"pinggen-check-invalid-mut-method-immutable" time elapsed: 00:00:00
----------------------------------------------------------

34/36 Testing: pinggen-check-invalid-mut-method-temporary
34/36 Test: pinggen-check-invalid-mut-method-temporary
Command: "C:/Users/keith/Documents/projects/pinggen-programming-language/build/Debug/pinggen.exe" "check" "C:/Users/keith/Documents/projects/pinggen-programming-language/examples/invalid_mut_method_temporary"
Directory: C:/Users/keith/Documents/projects/pinggen-programming-language/build
"pinggen-check-invalid-mut-method-temporary" start time: Mar 17 00:08 Malay Peninsula Standard Time
Output:
----------------------------------------------------------
compile error: line 13, column 26: mutating methods can only be called on mutable local struct variables
<end of output>
Test time =   0.01 sec
----------------------------------------------------------
Test Passed.
"pinggen-check-invalid-mut-method-temporary" end time: Mar 17 00:08 Malay Peninsula Standard Time
"pinggen-check-invalid-mut-method-temporary" time elapsed: 00:00:00
----------------------------------------------------------

35/36 Testing: pinggen-check-invalid-mut-method-field-receiver
35/36 Test: pinggen-check-invalid-mut-method-field-receiver
Command: "C:/Users/keith/Documents/projects/pinggen-programming-language/build/Debug/pinggen.exe" "check" "C:/Users/keith/Documents/projects/pinggen-programming-language/examples/invalid_mut_method_field_receiver"
Directory: C:/Users/keith/Documents/projects/pinggen-programming-language/build
"pinggen-check-invalid-mut-method-field-receiver" start time: Mar 17 00:08 Malay Peninsula Standard Time
Output:
----------------------------------------------------------
compile error: line 14, column 17: mutating methods can only be called on mutable local struct variables
<end of output>
Test time =   0.01 sec
----------------------------------------------------------
Test Passed.
"pinggen-check-invalid-mut-method-field-receiver" end time: Mar 17 00:08 Malay Peninsula Standard Time
"pinggen-check-invalid-mut-method-field-receiver" time elapsed: 00:00:00
----------------------------------------------------------

36/36 Testing: pinggen-check-invalid-mut-self-position
36/36 Test: pinggen-check-invalid-mut-self-position
Command: "C:/Users/keith/Documents/projects/pinggen-programming-language/build/Debug/pinggen.exe" "check" "C:/Users/keith/Documents/projects/pinggen-programming-language/examples/invalid_mut_self_position"
Directory: C:/Users/keith/Documents/projects/pinggen-programming-language/build
"pinggen-check-invalid-mut-self-position" start time: Mar 17 00:08 Malay Peninsula Standard Time
Output:
----------------------------------------------------------
compile error: line 6, column 27: expected parameter name
<end of output>
Test time =   0.01 sec
----------------------------------------------------------
Test Passed.
"pinggen-check-invalid-mut-self-position" end time: Mar 17 00:08 Malay Peninsula Standard Time
"pinggen-check-invalid-mut-self-position" time elapsed: 00:00:00
----------------------------------------------------------

End testing: Mar 17 00:08 Malay Peninsula Standard Time
